<?xml version="1.0" encoding="UTF-8"?>
<!-- Generated by org.testng.reporters.JUnitReportReporter -->
<testsuite skipped="0" hostname="DESKTOP-11R3298" name="com.talabat.tests.LoginPageTest" tests="1" failures="0" timestamp="24 Nov 2018 10:08:04 GMT" time="14.021" errors="0">
  <testcase name="loginTest" time="14.021" classname="com.talabat.tests.LoginPageTest"/>
</testsuite> <!-- com.talabat.tests.LoginPageTest -->
