<?xml version="1.0" encoding="UTF-8"?>
<!-- Generated by org.testng.reporters.JUnitReportReporter -->
<testsuite skipped="0" hostname="DESKTOP-11R3298" name="com.talabat.tests.HomePageTest" tests="1" failures="0" timestamp="23 Nov 2018 14:27:09 GMT" time="9.085" errors="0">
  <testcase name="clickAllRestaurants" time="9.085" classname="com.talabat.tests.HomePageTest"/>
</testsuite> <!-- com.talabat.tests.HomePageTest -->
