<?xml version="1.0" encoding="UTF-8"?>
<!-- Generated by org.testng.reporters.JUnitReportReporter -->
<testsuite skipped="0" hostname="DESKTOP-11R3298" name="com.talabat.tests.AllRestaurantsPageTest" tests="1" failures="0" timestamp="23 Nov 2018 20:25:42 GMT" time="13.615" errors="0">
  <testcase name="verifySearchRestaurantByNameTest" time="13.615" classname="com.talabat.tests.AllRestaurantsPageTest"/>
</testsuite> <!-- com.talabat.tests.AllRestaurantsPageTest -->
