<?xml version="1.0" encoding="UTF-8"?>
<!-- Generated by org.testng.reporters.JUnitReportReporter -->
<testsuite skipped="0" hostname="DESKTOP-11R3298" name="com.talabat.tests.HomePageTest" tests="1" failures="0" timestamp="28 Nov 2018 10:17:21 GMT" time="9.162" errors="0">
  <testcase name="clickAllRestaurants" time="9.162" classname="com.talabat.tests.HomePageTest"/>
</testsuite> <!-- com.talabat.tests.HomePageTest -->
