<?xml version="1.0" encoding="UTF-8"?>
<!-- Generated by org.testng.reporters.JUnitReportReporter -->
<testsuite skipped="0" hostname="DESKTOP-11R3298" name="com.talabat.tests.LoginPageTest" tests="1" failures="0" timestamp="28 Nov 2018 11:14:53 GMT" time="13.449" errors="0">
  <testcase name="loginTest" time="13.449" classname="com.talabat.tests.LoginPageTest"/>
</testsuite> <!-- com.talabat.tests.LoginPageTest -->
